<?xml version="1.0" encoding="UTF-8"?>
<testng-results ignored="13" total="13" passed="0" failed="0" skipped="0">
  <reporter-output>
  </reporter-output>
  <suite started-at="2024-11-02T23:40:11 PKT" name="AllModulesSuite" finished-at="2024-11-02T23:40:11 PKT" duration-ms="163">
    <groups>
    </groups>
    <test started-at="2024-11-02T23:40:11 PKT" name="UserManagementTestSuite" finished-at="2024-11-02T23:40:11 PKT" duration-ms="16">
    </test> <!-- UserManagementTestSuite -->
    <test started-at="2024-11-02T23:40:11 PKT" name="TransactionProcessingTestSuite" finished-at="2024-11-02T23:40:11 PKT" duration-ms="1">
    </test> <!-- TransactionProcessingTestSuite -->
    <test started-at="2024-11-02T23:40:11 PKT" name="ReportGenerationTestSuite" finished-at="2024-11-02T23:40:11 PKT" duration-ms="3">
    </test> <!-- ReportGenerationTestSuite -->
  </suite> <!-- AllModulesSuite -->
</testng-results>
